------ Starting Up with ELPTrack.ini ------                                  [ 2013/09/29  18::24::14 ]
Mesa driver attempted to display a debug string:CMesaDevice::OpenFile(): stream from _ifType:3                                  [ 2013/09/29  18::24::14 ]
Mesa driver attempted to display a debug string:Can't write data when reading from file in CMesaDevice::Write()                                  [ 2013/09/29  18::24::14 ]
Mesa driver attempted to display a debug string:Can't write data when reading from file in CMesaDevice::Write()                                  [ 2013/09/29  18::24::14 ]
Mesa driver attempted to display a debug string:Can't write data when reading from file in CMesaDevice::Write()                                  [ 2013/09/29  18::24::14 ]
Mesa driver attempted to display a debug string:Can't write data when reading from file in CMesaDevice::Write()                                  [ 2013/09/29  18::24::14 ]
Mesa driver attempted to display a debug string:Can't write data when reading from file in CMesaDevice::Write()                                  [ 2013/09/29  18::24::14 ]
Mesa driver attempted to display a debug string:Can't write data when reading from file in CMesaDevice::Write()                                  [ 2013/09/29  18::24::14 ]
Mesa driver attempted to display a debug string:Can't write data when reading from file in CMesaDevice::Write()                                  [ 2013/09/29  18::24::14 ]
Mesa driver attempted to display a debug string:CMesaDevice::Read(): skipping object!                                  [ 2013/09/29  18::24::15 ]
------ Starting Up with ELPTrack.ini ------                                  [ 2013/09/29  19::09::21 ]
Mesa driver attempted to display a debug string:CMesaDevice::OpenFile(): stream from _ifType:3                                  [ 2013/09/29  19::09::21 ]
Mesa driver attempted to display a debug string:Can't write data when reading from file in CMesaDevice::Write()                                  [ 2013/09/29  19::09::21 ]
Mesa driver attempted to display a debug string:Can't write data when reading from file in CMesaDevice::Write()                                  [ 2013/09/29  19::09::21 ]
Mesa driver attempted to display a debug string:Can't write data when reading from file in CMesaDevice::Write()                                  [ 2013/09/29  19::09::21 ]
Mesa driver attempted to display a debug string:Can't write data when reading from file in CMesaDevice::Write()                                  [ 2013/09/29  19::09::21 ]
Mesa driver attempted to display a debug string:Can't write data when reading from file in CMesaDevice::Write()                                  [ 2013/09/29  19::09::21 ]
Mesa driver attempted to display a debug string:Can't write data when reading from file in CMesaDevice::Write()                                  [ 2013/09/29  19::09::21 ]
Mesa driver attempted to display a debug string:Can't write data when reading from file in CMesaDevice::Write()                                  [ 2013/09/29  19::09::21 ]
Mesa driver attempted to display a debug string:CMesaDevice::Read(): skipping object!                                  [ 2013/09/29  19::09::22 ]
------ Starting Up with ELPTrack.ini ------                                  [ 2013/09/29  19::09::35 ]
Mesa driver attempted to display a debug string:CMesaDevice::OpenFile(): stream from _ifType:3                                  [ 2013/09/29  19::09::35 ]
Mesa driver attempted to display a debug string:Can't write data when reading from file in CMesaDevice::Write()                                  [ 2013/09/29  19::09::35 ]
Mesa driver attempted to display a debug string:Can't write data when reading from file in CMesaDevice::Write()                                  [ 2013/09/29  19::09::35 ]
Mesa driver attempted to display a debug string:Can't write data when reading from file in CMesaDevice::Write()                                  [ 2013/09/29  19::09::35 ]
Mesa driver attempted to display a debug string:Can't write data when reading from file in CMesaDevice::Write()                                  [ 2013/09/29  19::09::35 ]
Mesa driver attempted to display a debug string:Can't write data when reading from file in CMesaDevice::Write()                                  [ 2013/09/29  19::09::35 ]
Mesa driver attempted to display a debug string:Can't write data when reading from file in CMesaDevice::Write()                                  [ 2013/09/29  19::09::35 ]
Mesa driver attempted to display a debug string:Can't write data when reading from file in CMesaDevice::Write()                                  [ 2013/09/29  19::09::35 ]
Mesa driver attempted to display a debug string:CMesaDevice::Read(): skipping object!                                  [ 2013/09/29  19::09::35 ]
------ Starting Up with ELPTrack.ini ------                                  [ 2013/09/29  19::10::28 ]
Mesa driver attempted to display a debug string:CMesaDevice::OpenFile(): stream from _ifType:3                                  [ 2013/09/29  19::10::28 ]
Mesa driver attempted to display a debug string:Can't write data when reading from file in CMesaDevice::Write()                                  [ 2013/09/29  19::10::28 ]
Mesa driver attempted to display a debug string:Can't write data when reading from file in CMesaDevice::Write()                                  [ 2013/09/29  19::10::28 ]
Mesa driver attempted to display a debug string:Can't write data when reading from file in CMesaDevice::Write()                                  [ 2013/09/29  19::10::28 ]
Mesa driver attempted to display a debug string:Can't write data when reading from file in CMesaDevice::Write()                                  [ 2013/09/29  19::10::28 ]
Mesa driver attempted to display a debug string:Can't write data when reading from file in CMesaDevice::Write()                                  [ 2013/09/29  19::10::28 ]
Mesa driver attempted to display a debug string:Can't write data when reading from file in CMesaDevice::Write()                                  [ 2013/09/29  19::10::28 ]
Mesa driver attempted to display a debug string:Can't write data when reading from file in CMesaDevice::Write()                                  [ 2013/09/29  19::10::28 ]
Mesa driver attempted to display a debug string:CMesaDevice::Read(): skipping object!                                  [ 2013/09/29  19::10::28 ]
Mesa driver attempted to display a debug string:CMesaDevice::Read(): CSRFileIO::IO_EOF!                                  [ 2013/09/29  19::11::02 ]
Unable to aquire 1 images in a row from Mesa                                  [ 2013/09/29  19::11::02 ]
Mesa driver attempted to display a debug string:CMesaDevice::Read(): CSRFileIO::IO_EOF!                                  [ 2013/09/29  19::11::35 ]
Unable to aquire 1 images in a row from Mesa                                  [ 2013/09/29  19::11::35 ]
Mesa driver attempted to display a debug string:CMesaDevice::Read(): CSRFileIO::IO_EOF!                                  [ 2013/09/29  19::12::08 ]
Unable to aquire 1 images in a row from Mesa                                  [ 2013/09/29  19::12::08 ]
